<?xml version="1.0" encoding="UTF-8"?>
<?xml-model href="oscal-profile.sch" type="application/xml" schematypens="http://purl.oclc.org/dsdl/schematron"?>
<profile xmlns="http://csrc.nist.gov/ns/oscal/1.0"
         xmlns:xsi="http://www.w3.org/2001/XMLSchema-instance"
         xsi:schemaLocation="http://csrc.nist.gov/ns/oscal/1.0 https://raw.githubusercontent.com/usnistgov/OSCAL/v1.0.0/xml/schema/oscal_profile_schema.xsd"
         uuid="7bb79729-781a-4034-85ef-a5c5c17d9daa">
   <metadata>
      <title/>
      <last-modified>2021-08-23T17:19:41.79-04:00</last-modified>
      <version>0.1</version>
      <oscal-version>1.0.0</oscal-version>
   </metadata>
   <import href="#a1c12452-39a8-49ec-a4dc-549955270ba6">
      <include-all/>
      <exclude-controls>
         <with-id>a1</with-id>
         <with-id>a2</with-id>
      </exclude-controls>
   </import>
   <modify>
      <set-parameter param-id="p2"/>
      <alter control-id="p2"/>
   </modify>
   <back-matter>
      <resource uuid="a1c12452-39a8-49ec-a4dc-549955270ba6">
         <rlink href="catalog.xml"/>
      </resource>
   </back-matter>
</profile>
