<security-assessment-report xmlns="http://csrc.nist.gov/ns/oscal/1.0"
 xmlns:xsi="http://www.w3.org/2001/XMLSchema-instance"
 xsi:schemaLocation="http://csrc.nist.gov/ns/oscal/1.0 oscal_sar_metaschema.xsd"
    id="UUID-xx">
    
    <metadata>
        <title>Test File</title>
        <last-modified>2020-05-03T00:00:00Z</last-modified>
        <version></version>
        <oscal-version></oscal-version>
    </metadata>
    <import-sap href="" />
    <scope>
        <scope-include></scope-include>
        <scope-exclude></scope-exclude>
    </scope>
    <assets />
    <activities />
    <results />
</security-assessment-report>