<security-assessment-plan xmlns="http://csrc.nist.gov/ns/oscal/1.0"
 xmlns:xsi="http://www.w3.org/2001/XMLSchema-instance"
 xsi:schemaLocation="http://csrc.nist.gov/ns/oscal/1.0 oscal_sap_metaschema.xsd"
    id="UUID-xx">
    
    <metadata>
        <title>SAP Test File</title>
        <last-modified>2020-05-03T00:00:00Z</last-modified>
        <version></version>
        <oscal-version></oscal-version>
    </metadata>
    <import-ssp href="" />
    <assessment-subject>
        <subject-include name="controls">
            <description><p>Include all controls in the SSP's baseline, except as explicitly excluded elsewhere.</p></description>
            <all />
        </subject-include>
        <subject-include name="objectives">
            <description></description>
            <all />
        </subject-include>
        <subject-include name="components">
            <description></description>
            <id-ref id="sap-comp-1" name="component" />
        </subject-include>

        <subject-exclude name="controls">
            <description><p>Exclude AC-1 from assessment testing.</p></description>
            <id-ref name="controls" id="ac-1"/>
        </subject-exclude>

        <local-definitions>
            <component id="sap-comp-1" component-type="hardware">
                <title>Windows Laptop</title>
                <description><p>A Windows laptop, which is not defiend in the SSP.</p></description>
                <status state="operational" />
            </component>
        </local-definitions>
    </assessment-subject>
    <assets />
    <activities />
    <back-matter />
</security-assessment-plan>