<security-assessment-plan xmlns="http://csrc.nist.gov/ns/oscal/1.0"
 xmlns:xsi="http://www.w3.org/2001/XMLSchema-instance"
 xsi:schemaLocation="http://csrc.nist.gov/ns/oscal/1.0 oscal_sap_metaschema.xsd"
    id="UUID-xx">
    
    <metadata>
        <title>SAP Test File</title>
        <last-modified>2020-05-03T00:00:00Z</last-modified>
        <version></version>
        <oscal-version></oscal-version>
    </metadata>
    <import-ssp href="" />
    <scope>
        <scope-include>
            <description></description>
            <controls>
                <id-ref />
            </controls>
            <locations>
                <all />
            </locations>
        </scope-include>
        <scope-exclude>
            <description></description>
        </scope-exclude>
    </scope>
    <assets />
    <activities />
    <back-matter />
</security-assessment-plan>